Warning[205] E:\DOCUMENTOS\REPOSITORIOS\PARCIALES_ARQUI\SEGUNDO PARCIAL\CONTROLADOR VERSION4.ASM 4 : Found directive in column 1. (LIST)
Warning[205] E:\DOCUMENTOS\REPOSITORIOS\PARCIALES_ARQUI\SEGUNDO PARCIAL\CONTROLADOR VERSION4.ASM 5 : Found directive in column 1. (RADIX)
Warning[205] E:\DOCUMENTOS\REPOSITORIOS\PARCIALES_ARQUI\SEGUNDO PARCIAL\CONTROLADOR VERSION4.ASM 13 : Found directive in column 1. (ORG)
Warning[203] E:\DOCUMENTOS\REPOSITORIOS\PARCIALES_ARQUI\SEGUNDO PARCIAL\CONTROLADOR VERSION4.ASM 16 : Found opcode in column 1. (BSF)
Warning[203] E:\DOCUMENTOS\REPOSITORIOS\PARCIALES_ARQUI\SEGUNDO PARCIAL\CONTROLADOR VERSION4.ASM 17 : Found opcode in column 1. (BCF)
Warning[203] E:\DOCUMENTOS\REPOSITORIOS\PARCIALES_ARQUI\SEGUNDO PARCIAL\CONTROLADOR VERSION4.ASM 19 : Found opcode in column 1. (CLRF)
Message[302] E:\DOCUMENTOS\REPOSITORIOS\PARCIALES_ARQUI\SEGUNDO PARCIAL\CONTROLADOR VERSION4.ASM 19 : Register in operand not in bank 0.  Ensure that bank bits are correct.
Warning[203] E:\DOCUMENTOS\REPOSITORIOS\PARCIALES_ARQUI\SEGUNDO PARCIAL\CONTROLADOR VERSION4.ASM 20 : Found opcode in column 1. (CLRF)
Message[302] E:\DOCUMENTOS\REPOSITORIOS\PARCIALES_ARQUI\SEGUNDO PARCIAL\CONTROLADOR VERSION4.ASM 20 : Register in operand not in bank 0.  Ensure that bank bits are correct.
Warning[203] E:\DOCUMENTOS\REPOSITORIOS\PARCIALES_ARQUI\SEGUNDO PARCIAL\CONTROLADOR VERSION4.ASM 21 : Found opcode in column 1. (CLRF)
Message[302] E:\DOCUMENTOS\REPOSITORIOS\PARCIALES_ARQUI\SEGUNDO PARCIAL\CONTROLADOR VERSION4.ASM 21 : Register in operand not in bank 0.  Ensure that bank bits are correct.
Warning[203] E:\DOCUMENTOS\REPOSITORIOS\PARCIALES_ARQUI\SEGUNDO PARCIAL\CONTROLADOR VERSION4.ASM 22 : Found opcode in column 1. (BSF)
Message[302] E:\DOCUMENTOS\REPOSITORIOS\PARCIALES_ARQUI\SEGUNDO PARCIAL\CONTROLADOR VERSION4.ASM 22 : Register in operand not in bank 0.  Ensure that bank bits are correct.
Warning[203] E:\DOCUMENTOS\REPOSITORIOS\PARCIALES_ARQUI\SEGUNDO PARCIAL\CONTROLADOR VERSION4.ASM 26 : Found opcode in column 1. (BCF)
Warning[203] E:\DOCUMENTOS\REPOSITORIOS\PARCIALES_ARQUI\SEGUNDO PARCIAL\CONTROLADOR VERSION4.ASM 27 : Found opcode in column 1. (BCF)
Warning[203] E:\DOCUMENTOS\REPOSITORIOS\PARCIALES_ARQUI\SEGUNDO PARCIAL\CONTROLADOR VERSION4.ASM 29 : Found opcode in column 1. (CLRF)
Warning[203] E:\DOCUMENTOS\REPOSITORIOS\PARCIALES_ARQUI\SEGUNDO PARCIAL\CONTROLADOR VERSION4.ASM 30 : Found opcode in column 1. (CLRF)
Warning[203] E:\DOCUMENTOS\REPOSITORIOS\PARCIALES_ARQUI\SEGUNDO PARCIAL\CONTROLADOR VERSION4.ASM 31 : Found opcode in column 1. (CLRF)
Warning[203] E:\DOCUMENTOS\REPOSITORIOS\PARCIALES_ARQUI\SEGUNDO PARCIAL\CONTROLADOR VERSION4.ASM 32 : Found opcode in column 1. (CLRF)
Warning[203] E:\DOCUMENTOS\REPOSITORIOS\PARCIALES_ARQUI\SEGUNDO PARCIAL\CONTROLADOR VERSION4.ASM 35 : Found opcode in column 1. (BSF)
Warning[203] E:\DOCUMENTOS\REPOSITORIOS\PARCIALES_ARQUI\SEGUNDO PARCIAL\CONTROLADOR VERSION4.ASM 36 : Found opcode in column 1. (BCF)
Warning[203] E:\DOCUMENTOS\REPOSITORIOS\PARCIALES_ARQUI\SEGUNDO PARCIAL\CONTROLADOR VERSION4.ASM 38 : Found opcode in column 1. (MOVLW)
Warning[203] E:\DOCUMENTOS\REPOSITORIOS\PARCIALES_ARQUI\SEGUNDO PARCIAL\CONTROLADOR VERSION4.ASM 39 : Found opcode in column 1. (MOVWF)
Message[302] E:\DOCUMENTOS\REPOSITORIOS\PARCIALES_ARQUI\SEGUNDO PARCIAL\CONTROLADOR VERSION4.ASM 39 : Register in operand not in bank 0.  Ensure that bank bits are correct.
Warning[203] E:\DOCUMENTOS\REPOSITORIOS\PARCIALES_ARQUI\SEGUNDO PARCIAL\CONTROLADOR VERSION4.ASM 42 : Found opcode in column 1. (BCF)
Warning[203] E:\DOCUMENTOS\REPOSITORIOS\PARCIALES_ARQUI\SEGUNDO PARCIAL\CONTROLADOR VERSION4.ASM 43 : Found opcode in column 1. (MOVLW)
Warning[203] E:\DOCUMENTOS\REPOSITORIOS\PARCIALES_ARQUI\SEGUNDO PARCIAL\CONTROLADOR VERSION4.ASM 44 : Found opcode in column 1. (MOVWF)
Warning[203] E:\DOCUMENTOS\REPOSITORIOS\PARCIALES_ARQUI\SEGUNDO PARCIAL\CONTROLADOR VERSION4.ASM 45 : Found opcode in column 1. (MOVLW)
Warning[203] E:\DOCUMENTOS\REPOSITORIOS\PARCIALES_ARQUI\SEGUNDO PARCIAL\CONTROLADOR VERSION4.ASM 46 : Found opcode in column 1. (MOVWF)
Warning[203] E:\DOCUMENTOS\REPOSITORIOS\PARCIALES_ARQUI\SEGUNDO PARCIAL\CONTROLADOR VERSION4.ASM 47 : Found opcode in column 1. (MOVWF)
Warning[203] E:\DOCUMENTOS\REPOSITORIOS\PARCIALES_ARQUI\SEGUNDO PARCIAL\CONTROLADOR VERSION4.ASM 48 : Found opcode in column 1. (CLRF)
Warning[203] E:\DOCUMENTOS\REPOSITORIOS\PARCIALES_ARQUI\SEGUNDO PARCIAL\CONTROLADOR VERSION4.ASM 49 : Found opcode in column 1. (CLRF)
Warning[203] E:\DOCUMENTOS\REPOSITORIOS\PARCIALES_ARQUI\SEGUNDO PARCIAL\CONTROLADOR VERSION4.ASM 65 : Found opcode in column 1. (GOTO)
Warning[207] E:\DOCUMENTOS\REPOSITORIOS\PARCIALES_ARQUI\SEGUNDO PARCIAL\CONTROLADOR VERSION4.ASM 79 : Found label after column 1. (COMPROBAR)
Warning[207] E:\DOCUMENTOS\REPOSITORIOS\PARCIALES_ARQUI\SEGUNDO PARCIAL\CONTROLADOR VERSION4.ASM 92 : Found label after column 1. (DIP_LED2)
Warning[207] E:\DOCUMENTOS\REPOSITORIOS\PARCIALES_ARQUI\SEGUNDO PARCIAL\CONTROLADOR VERSION4.ASM 112 : Found label after column 1. (DIP_LED3)
Warning[205] E:\DOCUMENTOS\REPOSITORIOS\PARCIALES_ARQUI\SEGUNDO PARCIAL\CONTROLADOR VERSION4.ASM 119 : Found directive in column 1. (END)
