MPASM  5.30.01          CONTROLADOR VERSION3.ASM   10-9-2020  16:13:24         PAGE  1


LOC  OBJECT CODE     LINE SOURCE TEXT
  VALUE

                      00001 
                      00002 #include "p16f877a.inc"                                         
                      00001         LIST
                      00002 ; P16F877A.INC  Standard Header File, Version 1.00    Microchip Technology, Inc.
                      00400         LIST
Warning[205]: Found directive in column 1. (LIST)
                      00003 LIST P=16F877A                                                          
Warning[205]: Found directive in column 1. (RADIX)
                      00004 RADIX HEX
                      00005 
                      00006 ;Variables                                              
  00000000            00007 W               EQU 0X00 
  00000029            00008 SEGTM   EQU 0X29
  00000025            00009 TM_Sdos EQU     0X25
  0000002F            00010 TM_MIN  EQU     0X2F
                      00011                 
Warning[205]: Found directive in column 1. (ORG)
0000                  00012 ORG 0X00
                      00013 
                      00014 ;Banco 1        
Warning[203]: Found opcode in column 1. (BSF)
0000   1683           00015 BSF     STATUS, RP0 ;1
Warning[203]: Found opcode in column 1. (BCF)
0001   1303           00016 BCF     STATUS, RP1 ;0                                                  
                      00017 
Warning[203]: Found opcode in column 1. (CLRF)
Message[302]: Register in operand not in bank 0.  Ensure that bank bits are correct.
0002   0186           00018 CLRF    TRISB
Warning[203]: Found opcode in column 1. (CLRF)
Message[302]: Register in operand not in bank 0.  Ensure that bank bits are correct.
0003   0187           00019 CLRF    TRISC
Warning[203]: Found opcode in column 1. (CLRF)
Message[302]: Register in operand not in bank 0.  Ensure that bank bits are correct.
0004   0188           00020 CLRF    TRISD
                      00021 
                      00022 ;Banco 0
                      00023 
Warning[203]: Found opcode in column 1. (BCF)
0005   1283           00024 BCF     STATUS, RP0 ;0
Warning[203]: Found opcode in column 1. (BCF)
0006   1303           00025 BCF     STATUS, RP1 ;0                                                  
                      00026                                                                 
Warning[203]: Found opcode in column 1. (CLRF)
0007   0186           00027 CLRF    PORTB
Warning[203]: Found opcode in column 1. (CLRF)
0008   0187           00028 CLRF    PORTC
Warning[203]: Found opcode in column 1. (CLRF)
0009   0188           00029 CLRF    PORTD
                      00030 
                      00031 ;Banco 1
Warning[203]: Found opcode in column 1. (BSF)
000A   1683           00032 BSF     STATUS, RP0 ;1
Warning[203]: Found opcode in column 1. (BCF)
MPASM  5.30.01          CONTROLADOR VERSION3.ASM   10-9-2020  16:13:24         PAGE  2


LOC  OBJECT CODE     LINE SOURCE TEXT
  VALUE

000B   1303           00033 BCF     STATUS, RP1 ;0
                      00034 
Warning[203]: Found opcode in column 1. (MOVLW)
000C   30D7           00035 MOVLW   B'11010111'     ;Lo Cargo a W                                   
Warning[203]: Found opcode in column 1. (MOVWF)
Message[302]: Register in operand not in bank 0.  Ensure that bank bits are correct.
000D   0081           00036 MOVWF   OPTION_REG      ;Lo muevo de W a OPTION_REG                                             
                      00037 
                      00038 ;Banco 0
Warning[203]: Found opcode in column 1. (BCF)
000E   1283           00039 BCF             STATUS, RP0;
Warning[203]: Found opcode in column 1. (MOVLW)
000F   30FF           00040 MOVLW   B'11111111'
Warning[203]: Found opcode in column 1. (MOVWF)
0010   0086           00041 MOVWF   PORTB
Warning[203]: Found opcode in column 1. (MOVLW)
0011   3000           00042 MOVLW   B'00000000'
Warning[203]: Found opcode in column 1. (MOVWF)
0012   0087           00043 MOVWF   PORTC
Warning[203]: Found opcode in column 1. (MOVWF)
0013   0088           00044 MOVWF   PORTD
Warning[203]: Found opcode in column 1. (CLRF)
0014   01A5           00045 CLRF    TM_Sdos
Warning[203]: Found opcode in column 1. (CLRF)
0015   01A9           00046 CLRF    SEGTM
                      00047 
0016                  00048 CICLO
                      00049 
                      00050         
0016   2025           00051         CALL    RETARDO
0017   201E           00052         CALL    ON_LEDS
0018   202B           00053         CALL    ADDCONT
0019   0829           00054         MOVFW   SEGTM   
001A   3C3C           00055         SUBLW   0x3C    ;LE RESTO 60(3C) a W 
001B   1903           00056         BTFSC   STATUS,Z        ;SI W es 0 entonces 
001C   2036           00057                 CALL    LIMPIEZA        ;LIMPIO EL REGISTRO SEGTM (MIVARIABLE)
                      00058         
                      00059         
                      00060                 
                      00061         
Warning[203]: Found opcode in column 1. (GOTO)
001D   2816           00062 GOTO    CICLO
                      00063 
                      00064 ;Subrutinas de retardo de 1 Segundo
001E                  00065 ON_LEDS
001E   0829           00066         MOVFW   SEGTM
001F   0086           00067         MOVWF   PORTB
0020   0825           00068         MOVFW   TM_Sdos
0021   0087           00069         MOVWF   PORTC
0022   082F           00070         MOVFW   TM_MIN
0023   0088           00071         MOVWF   PORTD
0024   0008           00072         RETURN
0025                  00073 RETARDO ;256-(500/255)=
MPASM  5.30.01          CONTROLADOR VERSION3.ASM   10-9-2020  16:13:24         PAGE  3


LOC  OBJECT CODE     LINE SOURCE TEXT
  VALUE

                      00074                 ;256-(100/((4/10000)*256)=255
0025   110B           00075                 BCF     INTCON,TMR0IF
0026   30F0           00076                 MOVLW   D'240'
0027   0081           00077                 MOVWF   TMR0
Warning[207]: Found label after column 1. (COMPROBAR)
0028                  00078                 COMPROBAR 
0028   1D0B           00079                         BTFSS INTCON,TMR0IF ;
0029   2828           00080                         GOTO COMPROBAR
002A   0008           00081                 RETURN
002B                  00082 ADDCONT
002B   0829           00083         MOVFW   SEGTM
002C   3E01           00084         ADDLW   0x01    ;le sumo 1 a W
002D   00A9           00085         MOVWF   SEGTM ;0010 0000        
002E   0825           00086         MOVFW   TM_Sdos
002F   1DA5           00087         BTFSS   TM_Sdos,3
0030   2833           00088                 GOTO    DIP_LED2
0031   1825           00089                 BTFSC   TM_Sdos,0
0032   3E06           00090                         ADDLW   0x06
Warning[207]: Found label after column 1. (DIP_LED2)
0033                  00091         DIP_LED2
0033   3E01           00092         ADDLW   0x01
0034   00A5           00093         MOVWF   TM_Sdos
0035   0008           00094         RETURN
0036                  00095 LIMPIEZA
0036   01A9           00096         CLRF    SEGTM
0037   01A5           00097         CLRF    TM_Sdos
0038   203E           00098         CALL    ADDMIN
0039   082F           00099         MOVFW   TM_MIN
003A   3C60           00100         SUBLW   B'01100000'     ;LE RESTO 60(3C) a W 
003B   1903           00101         BTFSC   STATUS,Z        ;SI W es 0 entonces 
003C   01AF           00102                 CLRF    TM_MIN  ;LIMPIO EL REGISTRO SEGTM (MIVARIABLE)
                      00103         
003D   0008           00104         RETURN
003E                  00105 ADDMIN
003E   082F           00106         MOVFW   TM_MIN
003F   1DAF           00107         BTFSS   TM_MIN,3
0040   2843           00108                 GOTO    DIP_LED3
0041   182F           00109                 BTFSC   TM_MIN,0
0042   3E06           00110                         ADDLW   0x06
Warning[207]: Found label after column 1. (DIP_LED3)
0043                  00111         DIP_LED3
0043   3E01           00112         ADDLW   0x01
0044   00AF           00113         MOVWF   TM_MIN
0045   0008           00114         RETURN
0046                  00115 ADDHORA
                      00116         
0046   0008           00117         RETURN
Warning[205]: Found directive in column 1. (END)
                      00118 END
MPASM  5.30.01          CONTROLADOR VERSION3.ASM   10-9-2020  16:13:24         PAGE  4


SYMBOL TABLE
  LABEL                             VALUE 

ACKDT                             00000005
ACKEN                             00000004
ACKSTAT                           00000006
ADCON0                            0000001F
ADCON1                            0000009F
ADCS0                             00000006
ADCS1                             00000007
ADCS2                             00000006
ADDCONT                           0000002B
ADDEN                             00000003
ADDHORA                           00000046
ADDMIN                            0000003E
ADFM                              00000007
ADIE                              00000006
ADIF                              00000006
ADON                              00000000
ADRESH                            0000001E
ADRESL                            0000009E
BCLIE                             00000003
BCLIF                             00000003
BF                                00000000
BRGH                              00000002
C                                 00000000
C1INV                             00000004
C1OUT                             00000006
C2INV                             00000005
C2OUT                             00000007
CCP1CON                           00000017
CCP1IE                            00000002
CCP1IF                            00000002
CCP1M0                            00000000
CCP1M1                            00000001
CCP1M2                            00000002
CCP1M3                            00000003
CCP1X                             00000005
CCP1Y                             00000004
CCP2CON                           0000001D
CCP2IE                            00000000
CCP2IF                            00000000
CCP2M0                            00000000
CCP2M1                            00000001
CCP2M2                            00000002
CCP2M3                            00000003
CCP2X                             00000005
CCP2Y                             00000004
CCPR1H                            00000016
CCPR1L                            00000015
CCPR2H                            0000001C
CCPR2L                            0000001B
CHS0                              00000003
CHS1                              00000004
CHS2                              00000005
CICLO                             00000016
MPASM  5.30.01          CONTROLADOR VERSION3.ASM   10-9-2020  16:13:24         PAGE  5


SYMBOL TABLE
  LABEL                             VALUE 

CIS                               00000003
CKE                               00000006
CKP                               00000004
CM0                               00000000
CM1                               00000001
CM2                               00000002
CMCON                             0000009C
CMIE                              00000006
CMIF                              00000006
COMPROBAR                         00000028
CREN                              00000004
CSRC                              00000007
CVR0                              00000000
CVR1                              00000001
CVR2                              00000002
CVR3                              00000003
CVRCON                            0000009D
CVREN                             00000007
CVROE                             00000006
CVRR                              00000005
D                                 00000005
DATA_ADDRESS                      00000005
DC                                00000001
DIP_LED2                          00000033
DIP_LED3                          00000043
D_A                               00000005
EEADR                             0000010D
EEADRH                            0000010F
EECON1                            0000018C
EECON2                            0000018D
EEDATA                            0000010C
EEDATH                            0000010E
EEIE                              00000004
EEIF                              00000004
EEPGD                             00000007
F                                 00000001
FERR                              00000002
FSR                               00000004
GCEN                              00000007
GIE                               00000007
GO                                00000002
GO_DONE                           00000002
I2C_DATA                          00000005
I2C_READ                          00000002
I2C_START                         00000003
I2C_STOP                          00000004
IBF                               00000007
IBOV                              00000005
INDF                              00000000
INTCON                            0000000B
INTE                              00000004
INTEDG                            00000006
INTF                              00000001
MPASM  5.30.01          CONTROLADOR VERSION3.ASM   10-9-2020  16:13:24         PAGE  6


SYMBOL TABLE
  LABEL                             VALUE 

IRP                               00000007
LIMPIEZA                          00000036
NOT_A                             00000005
NOT_ADDRESS                       00000005
NOT_BO                            00000000
NOT_BOR                           00000000
NOT_DONE                          00000002
NOT_PD                            00000003
NOT_POR                           00000001
NOT_RBPU                          00000007
NOT_RC8                           00000006
NOT_T1SYNC                        00000002
NOT_TO                            00000004
NOT_TX8                           00000006
NOT_W                             00000002
NOT_WRITE                         00000002
OBF                               00000006
OERR                              00000001
ON_LEDS                           0000001E
OPTION_REG                        00000081
P                                 00000004
PCFG0                             00000000
PCFG1                             00000001
PCFG2                             00000002
PCFG3                             00000003
PCL                               00000002
PCLATH                            0000000A
PCON                              0000008E
PEIE                              00000006
PEN                               00000002
PIE1                              0000008C
PIE2                              0000008D
PIR1                              0000000C
PIR2                              0000000D
PORTA                             00000005
PORTB                             00000006
PORTC                             00000007
PORTD                             00000008
PORTE                             00000009
PR2                               00000092
PS0                               00000000
PS1                               00000001
PS2                               00000002
PSA                               00000003
PSPIE                             00000007
PSPIF                             00000007
PSPMODE                           00000004
R                                 00000002
RBIE                              00000003
RBIF                              00000000
RC8_9                             00000006
RC9                               00000006
RCD8                              00000000
MPASM  5.30.01          CONTROLADOR VERSION3.ASM   10-9-2020  16:13:24         PAGE  7


SYMBOL TABLE
  LABEL                             VALUE 

RCEN                              00000003
RCIE                              00000005
RCIF                              00000005
RCREG                             0000001A
RCSTA                             00000018
RD                                00000000
READ_WRITE                        00000002
RETARDO                           00000025
RP0                               00000005
RP1                               00000006
RSEN                              00000001
RX9                               00000006
RX9D                              00000000
R_W                               00000002
S                                 00000003
SEGTM                             00000029
SEN                               00000000
SMP                               00000007
SPBRG                             00000099
SPEN                              00000007
SREN                              00000005
SSPADD                            00000093
SSPBUF                            00000013
SSPCON                            00000014
SSPCON2                           00000091
SSPEN                             00000005
SSPIE                             00000003
SSPIF                             00000003
SSPM0                             00000000
SSPM1                             00000001
SSPM2                             00000002
SSPM3                             00000003
SSPOV                             00000006
SSPSTAT                           00000094
STATUS                            00000003
SYNC                              00000004
T0CS                              00000005
T0IE                              00000005
T0IF                              00000002
T0SE                              00000004
T1CKPS0                           00000004
T1CKPS1                           00000005
T1CON                             00000010
T1INSYNC                          00000002
T1OSCEN                           00000003
T1SYNC                            00000002
T2CKPS0                           00000000
T2CKPS1                           00000001
T2CON                             00000012
TMR0                              00000001
TMR0IE                            00000005
TMR0IF                            00000002
TMR1CS                            00000001
MPASM  5.30.01          CONTROLADOR VERSION3.ASM   10-9-2020  16:13:24         PAGE  8


SYMBOL TABLE
  LABEL                             VALUE 

TMR1H                             0000000F
TMR1IE                            00000000
TMR1IF                            00000000
TMR1L                             0000000E
TMR1ON                            00000000
TMR2                              00000011
TMR2IE                            00000001
TMR2IF                            00000001
TMR2ON                            00000002
TM_MIN                            0000002F
TM_Sdos                           00000025
TOUTPS0                           00000003
TOUTPS1                           00000004
TOUTPS2                           00000005
TOUTPS3                           00000006
TRISA                             00000085
TRISB                             00000086
TRISC                             00000087
TRISD                             00000088
TRISE                             00000089
TRISE0                            00000000
TRISE1                            00000001
TRISE2                            00000002
TRMT                              00000001
TX8_9                             00000006
TX9                               00000006
TX9D                              00000000
TXD8                              00000000
TXEN                              00000005
TXIE                              00000004
TXIF                              00000004
TXREG                             00000019
TXSTA                             00000098
UA                                00000001
W                                 00000000
WCOL                              00000007
WR                                00000001
WREN                              00000002
WRERR                             00000003
Z                                 00000002
_BODEN_OFF                        00003FBF
_BODEN_ON                         00003FFF
_CPD_OFF                          00003FFF
_CPD_ON                           00003EFF
_CP_ALL                           00001FFF
_CP_OFF                           00003FFF
_DEBUG_OFF                        00003FFF
_DEBUG_ON                         000037FF
_HS_OSC                           00003FFE
_LP_OSC                           00003FFC
_LVP_OFF                          00003F7F
_LVP_ON                           00003FFF
_PWRTE_OFF                        00003FFF
MPASM  5.30.01          CONTROLADOR VERSION3.ASM   10-9-2020  16:13:24         PAGE  9


SYMBOL TABLE
  LABEL                             VALUE 

_PWRTE_ON                         00003FF7
_RC_OSC                           00003FFF
_WDT_OFF                          00003FFB
_WDT_ON                           00003FFF
_WRT_1FOURTH                      00003BFF
_WRT_256                          00003DFF
_WRT_HALF                         000039FF
_WRT_OFF                          00003FFF
_XT_OSC                           00003FFD
__16F877A                         00000001


MEMORY USAGE MAP ('X' = Used,  '-' = Unused)

0000 : XXXXXXXXXXXXXXXX XXXXXXXXXXXXXXXX XXXXXXXXXXXXXXXX XXXXXXXXXXXXXXXX
0040 : XXXXXXX--------- ---------------- ---------------- ----------------

All other memory blocks unused.

Program Memory Words Used:    71
Program Memory Words Free:  8121


Errors   :     0
Warnings :    30 reported,     0 suppressed
Messages :     4 reported,     0 suppressed

