MPASM  5.30.01          CONTROLADOR VERSION4.ASM   10-9-2020  3:57:34         PAGE  1


LOC  OBJECT CODE     LINE SOURCE TEXT
  VALUE

                      00001 
                      00002 
                      00003 #include "p16f877a.inc"                                         
                      00001         LIST
                      00002 ; P16F877A.INC  Standard Header File, Version 1.00    Microchip Technology, Inc.
                      00400         LIST
Warning[205]: Found directive in column 1. (LIST)
                      00004 LIST P=16F877A                                                          
Warning[205]: Found directive in column 1. (RADIX)
                      00005 RADIX HEX
                      00006 
                      00007 ;Variables                                              
  00000000            00008 W               EQU 0X00 
  00000029            00009 SEGTM   EQU 0X29
  00000025            00010 TM_Sdos EQU     0X25
  0000002F            00011 TM_MIN  EQU     0X2F
                      00012                 
Warning[205]: Found directive in column 1. (ORG)
0000                  00013 ORG 0X00
                      00014 
                      00015 ;Banco 1        
Warning[203]: Found opcode in column 1. (BSF)
0000   1683           00016 BSF     STATUS, RP0 ;1
Warning[203]: Found opcode in column 1. (BCF)
0001   1303           00017 BCF     STATUS, RP1 ;0                                                  
                      00018 
Warning[203]: Found opcode in column 1. (CLRF)
Message[302]: Register in operand not in bank 0.  Ensure that bank bits are correct.
0002   0186           00019 CLRF    TRISB
Warning[203]: Found opcode in column 1. (CLRF)
Message[302]: Register in operand not in bank 0.  Ensure that bank bits are correct.
0003   0187           00020 CLRF    TRISC
Warning[203]: Found opcode in column 1. (CLRF)
Message[302]: Register in operand not in bank 0.  Ensure that bank bits are correct.
0004   0188           00021 CLRF    TRISD
Warning[203]: Found opcode in column 1. (BSF)
Message[302]: Register in operand not in bank 0.  Ensure that bank bits are correct.
0005   1605           00022 BSF             TRISA,4
                      00023 
                      00024 ;Banco 0
                      00025 
Warning[203]: Found opcode in column 1. (BCF)
0006   1283           00026 BCF     STATUS, RP0 ;0
Warning[203]: Found opcode in column 1. (BCF)
0007   1303           00027 BCF     STATUS, RP1 ;0                                                  
                      00028                                                                 
Warning[203]: Found opcode in column 1. (CLRF)
0008   0186           00029 CLRF    PORTB
Warning[203]: Found opcode in column 1. (CLRF)
0009   0187           00030 CLRF    PORTC
Warning[203]: Found opcode in column 1. (CLRF)
000A   0188           00031 CLRF    PORTD
Warning[203]: Found opcode in column 1. (CLRF)
MPASM  5.30.01          CONTROLADOR VERSION4.ASM   10-9-2020  3:57:34         PAGE  2


LOC  OBJECT CODE     LINE SOURCE TEXT
  VALUE

000B   0185           00032 CLRF    PORTA
                      00033 
                      00034 ;Banco 1
Warning[203]: Found opcode in column 1. (BSF)
000C   1683           00035 BSF     STATUS, RP0 ;1
Warning[203]: Found opcode in column 1. (BCF)
000D   1303           00036 BCF     STATUS, RP1 ;0
                      00037 
Warning[203]: Found opcode in column 1. (MOVLW)
000E   30F7           00038 MOVLW   B'11110111'     ;Lo Cargo a W                                   
Warning[203]: Found opcode in column 1. (MOVWF)
Message[302]: Register in operand not in bank 0.  Ensure that bank bits are correct.
000F   0081           00039 MOVWF   OPTION_REG      ;Lo muevo de W a OPTION_REG                                             
                      00040 
                      00041 ;Banco 0
Warning[203]: Found opcode in column 1. (BCF)
0010   1283           00042 BCF             STATUS, RP0;
Warning[203]: Found opcode in column 1. (MOVLW)
0011   30FF           00043 MOVLW   B'11111111'
Warning[203]: Found opcode in column 1. (MOVWF)
0012   0086           00044 MOVWF   PORTB
Warning[203]: Found opcode in column 1. (MOVLW)
0013   3000           00045 MOVLW   B'00000000'
Warning[203]: Found opcode in column 1. (MOVWF)
0014   0087           00046 MOVWF   PORTC
Warning[203]: Found opcode in column 1. (MOVWF)
0015   0088           00047 MOVWF   PORTD
Warning[203]: Found opcode in column 1. (CLRF)
0016   01A5           00048 CLRF    TM_Sdos
Warning[203]: Found opcode in column 1. (CLRF)
0017   01A9           00049 CLRF    SEGTM
                      00050 
0018                  00051 CICLO
                      00052 
                      00053         
0018   2027           00054         CALL    RETARDO
0019   2020           00055         CALL    ON_LEDS
001A   202C           00056         CALL    ADDCONT
001B   0829           00057         MOVFW   SEGTM   
001C   3C3C           00058         SUBLW   0x3C    ;LE RESTO 60(3C) a W 
001D   1903           00059         BTFSC   STATUS,Z        ;SI W es 0 entonces 
001E   2037           00060                 CALL    LIMPIEZA        ;LIMPIO EL REGISTRO SEGTM (MIVARIABLE)
                      00061         
                      00062         
                      00063                 
                      00064         
Warning[203]: Found opcode in column 1. (GOTO)
001F   2818           00065 GOTO    CICLO
                      00066 
                      00067 ;Subrutinas de retardo de 1 Segundo
0020                  00068 ON_LEDS
0020   0829           00069         MOVFW   SEGTM
0021   0086           00070         MOVWF   PORTB
MPASM  5.30.01          CONTROLADOR VERSION4.ASM   10-9-2020  3:57:34         PAGE  3


LOC  OBJECT CODE     LINE SOURCE TEXT
  VALUE

0022   0825           00071         MOVFW   TM_Sdos
0023   0087           00072         MOVWF   PORTC
0024   082F           00073         MOVFW   TM_MIN
0025   0088           00074         MOVWF   PORTD
0026   0008           00075         RETURN
0027                  00076 RETARDO 
0027   30C8           00077                 MOVLW   D'200'
0028   0081           00078                 MOVWF   TMR0
Warning[207]: Found label after column 1. (COMPROBAR)
0029                  00079                 COMPROBAR 
0029   1D0B           00080                         BTFSS INTCON,TMR0IF ;
002A   2829           00081                         GOTO COMPROBAR
002B   0008           00082                 RETURN
002C                  00083 ADDCONT
002C   0829           00084         MOVFW   SEGTM
002D   3E01           00085         ADDLW   0x01    ;le sumo 1 a W
002E   00A9           00086         MOVWF   SEGTM   
002F   0825           00087         MOVFW   TM_Sdos
0030   1DA5           00088         BTFSS   TM_Sdos,3
0031   2834           00089                 GOTO    DIP_LED2
0032   1825           00090                 BTFSC   TM_Sdos,0
0033   3E06           00091                         ADDLW   0x06
Warning[207]: Found label after column 1. (DIP_LED2)
0034                  00092         DIP_LED2
0034   3E01           00093         ADDLW   0x01
0035   00A5           00094         MOVWF   TM_Sdos
0036   0008           00095         RETURN
0037                  00096 LIMPIEZA
0037   01A9           00097         CLRF    SEGTM
0038   01A5           00098         CLRF    TM_Sdos
0039   203F           00099         CALL    ADDMIN
003A   082F           00100         MOVFW   TM_MIN
003B   3C60           00101         SUBLW   B'01100000'     ;LE RESTO 60(3C) a W 
003C   1903           00102         BTFSC   STATUS,Z        ;SI W es 0 entonces 
003D   01AF           00103                 CLRF    TM_MIN  ;LIMPIO EL REGISTRO SEGTM (MIVARIABLE)
                      00104         
003E   0008           00105         RETURN
003F                  00106 ADDMIN
003F   082F           00107         MOVFW   TM_MIN
0040   1DAF           00108         BTFSS   TM_MIN,3
0041   2844           00109                 GOTO    DIP_LED3
0042   182F           00110                 BTFSC   TM_MIN,0
0043   3E06           00111                         ADDLW   0x06
Warning[207]: Found label after column 1. (DIP_LED3)
0044                  00112         DIP_LED3
0044   3E01           00113         ADDLW   0x01
0045   00AF           00114         MOVWF   TM_MIN
0046   0008           00115         RETURN
0047                  00116 ADDHORA
                      00117         
0047   0008           00118         RETURN
Warning[205]: Found directive in column 1. (END)
                      00119 END
MPASM  5.30.01          CONTROLADOR VERSION4.ASM   10-9-2020  3:57:34         PAGE  4


SYMBOL TABLE
  LABEL                             VALUE 

ACKDT                             00000005
ACKEN                             00000004
ACKSTAT                           00000006
ADCON0                            0000001F
ADCON1                            0000009F
ADCS0                             00000006
ADCS1                             00000007
ADCS2                             00000006
ADDCONT                           0000002C
ADDEN                             00000003
ADDHORA                           00000047
ADDMIN                            0000003F
ADFM                              00000007
ADIE                              00000006
ADIF                              00000006
ADON                              00000000
ADRESH                            0000001E
ADRESL                            0000009E
BCLIE                             00000003
BCLIF                             00000003
BF                                00000000
BRGH                              00000002
C                                 00000000
C1INV                             00000004
C1OUT                             00000006
C2INV                             00000005
C2OUT                             00000007
CCP1CON                           00000017
CCP1IE                            00000002
CCP1IF                            00000002
CCP1M0                            00000000
CCP1M1                            00000001
CCP1M2                            00000002
CCP1M3                            00000003
CCP1X                             00000005
CCP1Y                             00000004
CCP2CON                           0000001D
CCP2IE                            00000000
CCP2IF                            00000000
CCP2M0                            00000000
CCP2M1                            00000001
CCP2M2                            00000002
CCP2M3                            00000003
CCP2X                             00000005
CCP2Y                             00000004
CCPR1H                            00000016
CCPR1L                            00000015
CCPR2H                            0000001C
CCPR2L                            0000001B
CHS0                              00000003
CHS1                              00000004
CHS2                              00000005
CICLO                             00000018
MPASM  5.30.01          CONTROLADOR VERSION4.ASM   10-9-2020  3:57:34         PAGE  5


SYMBOL TABLE
  LABEL                             VALUE 

CIS                               00000003
CKE                               00000006
CKP                               00000004
CM0                               00000000
CM1                               00000001
CM2                               00000002
CMCON                             0000009C
CMIE                              00000006
CMIF                              00000006
COMPROBAR                         00000029
CREN                              00000004
CSRC                              00000007
CVR0                              00000000
CVR1                              00000001
CVR2                              00000002
CVR3                              00000003
CVRCON                            0000009D
CVREN                             00000007
CVROE                             00000006
CVRR                              00000005
D                                 00000005
DATA_ADDRESS                      00000005
DC                                00000001
DIP_LED2                          00000034
DIP_LED3                          00000044
D_A                               00000005
EEADR                             0000010D
EEADRH                            0000010F
EECON1                            0000018C
EECON2                            0000018D
EEDATA                            0000010C
EEDATH                            0000010E
EEIE                              00000004
EEIF                              00000004
EEPGD                             00000007
F                                 00000001
FERR                              00000002
FSR                               00000004
GCEN                              00000007
GIE                               00000007
GO                                00000002
GO_DONE                           00000002
I2C_DATA                          00000005
I2C_READ                          00000002
I2C_START                         00000003
I2C_STOP                          00000004
IBF                               00000007
IBOV                              00000005
INDF                              00000000
INTCON                            0000000B
INTE                              00000004
INTEDG                            00000006
INTF                              00000001
MPASM  5.30.01          CONTROLADOR VERSION4.ASM   10-9-2020  3:57:34         PAGE  6


SYMBOL TABLE
  LABEL                             VALUE 

IRP                               00000007
LIMPIEZA                          00000037
NOT_A                             00000005
NOT_ADDRESS                       00000005
NOT_BO                            00000000
NOT_BOR                           00000000
NOT_DONE                          00000002
NOT_PD                            00000003
NOT_POR                           00000001
NOT_RBPU                          00000007
NOT_RC8                           00000006
NOT_T1SYNC                        00000002
NOT_TO                            00000004
NOT_TX8                           00000006
NOT_W                             00000002
NOT_WRITE                         00000002
OBF                               00000006
OERR                              00000001
ON_LEDS                           00000020
OPTION_REG                        00000081
P                                 00000004
PCFG0                             00000000
PCFG1                             00000001
PCFG2                             00000002
PCFG3                             00000003
PCL                               00000002
PCLATH                            0000000A
PCON                              0000008E
PEIE                              00000006
PEN                               00000002
PIE1                              0000008C
PIE2                              0000008D
PIR1                              0000000C
PIR2                              0000000D
PORTA                             00000005
PORTB                             00000006
PORTC                             00000007
PORTD                             00000008
PORTE                             00000009
PR2                               00000092
PS0                               00000000
PS1                               00000001
PS2                               00000002
PSA                               00000003
PSPIE                             00000007
PSPIF                             00000007
PSPMODE                           00000004
R                                 00000002
RBIE                              00000003
RBIF                              00000000
RC8_9                             00000006
RC9                               00000006
RCD8                              00000000
MPASM  5.30.01          CONTROLADOR VERSION4.ASM   10-9-2020  3:57:34         PAGE  7


SYMBOL TABLE
  LABEL                             VALUE 

RCEN                              00000003
RCIE                              00000005
RCIF                              00000005
RCREG                             0000001A
RCSTA                             00000018
RD                                00000000
READ_WRITE                        00000002
RETARDO                           00000027
RP0                               00000005
RP1                               00000006
RSEN                              00000001
RX9                               00000006
RX9D                              00000000
R_W                               00000002
S                                 00000003
SEGTM                             00000029
SEN                               00000000
SMP                               00000007
SPBRG                             00000099
SPEN                              00000007
SREN                              00000005
SSPADD                            00000093
SSPBUF                            00000013
SSPCON                            00000014
SSPCON2                           00000091
SSPEN                             00000005
SSPIE                             00000003
SSPIF                             00000003
SSPM0                             00000000
SSPM1                             00000001
SSPM2                             00000002
SSPM3                             00000003
SSPOV                             00000006
SSPSTAT                           00000094
STATUS                            00000003
SYNC                              00000004
T0CS                              00000005
T0IE                              00000005
T0IF                              00000002
T0SE                              00000004
T1CKPS0                           00000004
T1CKPS1                           00000005
T1CON                             00000010
T1INSYNC                          00000002
T1OSCEN                           00000003
T1SYNC                            00000002
T2CKPS0                           00000000
T2CKPS1                           00000001
T2CON                             00000012
TMR0                              00000001
TMR0IE                            00000005
TMR0IF                            00000002
TMR1CS                            00000001
MPASM  5.30.01          CONTROLADOR VERSION4.ASM   10-9-2020  3:57:34         PAGE  8


SYMBOL TABLE
  LABEL                             VALUE 

TMR1H                             0000000F
TMR1IE                            00000000
TMR1IF                            00000000
TMR1L                             0000000E
TMR1ON                            00000000
TMR2                              00000011
TMR2IE                            00000001
TMR2IF                            00000001
TMR2ON                            00000002
TM_MIN                            0000002F
TM_Sdos                           00000025
TOUTPS0                           00000003
TOUTPS1                           00000004
TOUTPS2                           00000005
TOUTPS3                           00000006
TRISA                             00000085
TRISB                             00000086
TRISC                             00000087
TRISD                             00000088
TRISE                             00000089
TRISE0                            00000000
TRISE1                            00000001
TRISE2                            00000002
TRMT                              00000001
TX8_9                             00000006
TX9                               00000006
TX9D                              00000000
TXD8                              00000000
TXEN                              00000005
TXIE                              00000004
TXIF                              00000004
TXREG                             00000019
TXSTA                             00000098
UA                                00000001
W                                 00000000
WCOL                              00000007
WR                                00000001
WREN                              00000002
WRERR                             00000003
Z                                 00000002
_BODEN_OFF                        00003FBF
_BODEN_ON                         00003FFF
_CPD_OFF                          00003FFF
_CPD_ON                           00003EFF
_CP_ALL                           00001FFF
_CP_OFF                           00003FFF
_DEBUG_OFF                        00003FFF
_DEBUG_ON                         000037FF
_HS_OSC                           00003FFE
_LP_OSC                           00003FFC
_LVP_OFF                          00003F7F
_LVP_ON                           00003FFF
_PWRTE_OFF                        00003FFF
MPASM  5.30.01          CONTROLADOR VERSION4.ASM   10-9-2020  3:57:34         PAGE  9


SYMBOL TABLE
  LABEL                             VALUE 

_PWRTE_ON                         00003FF7
_RC_OSC                           00003FFF
_WDT_OFF                          00003FFB
_WDT_ON                           00003FFF
_WRT_1FOURTH                      00003BFF
_WRT_256                          00003DFF
_WRT_HALF                         000039FF
_WRT_OFF                          00003FFF
_XT_OSC                           00003FFD
__16F877A                         00000001


MEMORY USAGE MAP ('X' = Used,  '-' = Unused)

0000 : XXXXXXXXXXXXXXXX XXXXXXXXXXXXXXXX XXXXXXXXXXXXXXXX XXXXXXXXXXXXXXXX
0040 : XXXXXXXX-------- ---------------- ---------------- ----------------

All other memory blocks unused.

Program Memory Words Used:    72
Program Memory Words Free:  8120


Errors   :     0
Warnings :    32 reported,     0 suppressed
Messages :     5 reported,     0 suppressed

