Warning[205] E:\DOCUMENTOS\REPOSITORIOS\PARCIALES_ARQUI\SEGUNDO PARCIAL\CONTROLADOR VERSION3.ASM 3 : Found directive in column 1. (LIST)
Warning[205] E:\DOCUMENTOS\REPOSITORIOS\PARCIALES_ARQUI\SEGUNDO PARCIAL\CONTROLADOR VERSION3.ASM 4 : Found directive in column 1. (RADIX)
Warning[205] E:\DOCUMENTOS\REPOSITORIOS\PARCIALES_ARQUI\SEGUNDO PARCIAL\CONTROLADOR VERSION3.ASM 12 : Found directive in column 1. (ORG)
Warning[203] E:\DOCUMENTOS\REPOSITORIOS\PARCIALES_ARQUI\SEGUNDO PARCIAL\CONTROLADOR VERSION3.ASM 15 : Found opcode in column 1. (BSF)
Warning[203] E:\DOCUMENTOS\REPOSITORIOS\PARCIALES_ARQUI\SEGUNDO PARCIAL\CONTROLADOR VERSION3.ASM 16 : Found opcode in column 1. (BCF)
Warning[203] E:\DOCUMENTOS\REPOSITORIOS\PARCIALES_ARQUI\SEGUNDO PARCIAL\CONTROLADOR VERSION3.ASM 18 : Found opcode in column 1. (CLRF)
Message[302] E:\DOCUMENTOS\REPOSITORIOS\PARCIALES_ARQUI\SEGUNDO PARCIAL\CONTROLADOR VERSION3.ASM 18 : Register in operand not in bank 0.  Ensure that bank bits are correct.
Warning[203] E:\DOCUMENTOS\REPOSITORIOS\PARCIALES_ARQUI\SEGUNDO PARCIAL\CONTROLADOR VERSION3.ASM 19 : Found opcode in column 1. (CLRF)
Message[302] E:\DOCUMENTOS\REPOSITORIOS\PARCIALES_ARQUI\SEGUNDO PARCIAL\CONTROLADOR VERSION3.ASM 19 : Register in operand not in bank 0.  Ensure that bank bits are correct.
Warning[203] E:\DOCUMENTOS\REPOSITORIOS\PARCIALES_ARQUI\SEGUNDO PARCIAL\CONTROLADOR VERSION3.ASM 20 : Found opcode in column 1. (CLRF)
Message[302] E:\DOCUMENTOS\REPOSITORIOS\PARCIALES_ARQUI\SEGUNDO PARCIAL\CONTROLADOR VERSION3.ASM 20 : Register in operand not in bank 0.  Ensure that bank bits are correct.
Warning[203] E:\DOCUMENTOS\REPOSITORIOS\PARCIALES_ARQUI\SEGUNDO PARCIAL\CONTROLADOR VERSION3.ASM 24 : Found opcode in column 1. (BCF)
Warning[203] E:\DOCUMENTOS\REPOSITORIOS\PARCIALES_ARQUI\SEGUNDO PARCIAL\CONTROLADOR VERSION3.ASM 25 : Found opcode in column 1. (BCF)
Warning[203] E:\DOCUMENTOS\REPOSITORIOS\PARCIALES_ARQUI\SEGUNDO PARCIAL\CONTROLADOR VERSION3.ASM 27 : Found opcode in column 1. (CLRF)
Warning[203] E:\DOCUMENTOS\REPOSITORIOS\PARCIALES_ARQUI\SEGUNDO PARCIAL\CONTROLADOR VERSION3.ASM 28 : Found opcode in column 1. (CLRF)
Warning[203] E:\DOCUMENTOS\REPOSITORIOS\PARCIALES_ARQUI\SEGUNDO PARCIAL\CONTROLADOR VERSION3.ASM 29 : Found opcode in column 1. (CLRF)
Warning[203] E:\DOCUMENTOS\REPOSITORIOS\PARCIALES_ARQUI\SEGUNDO PARCIAL\CONTROLADOR VERSION3.ASM 32 : Found opcode in column 1. (BSF)
Warning[203] E:\DOCUMENTOS\REPOSITORIOS\PARCIALES_ARQUI\SEGUNDO PARCIAL\CONTROLADOR VERSION3.ASM 33 : Found opcode in column 1. (BCF)
Warning[203] E:\DOCUMENTOS\REPOSITORIOS\PARCIALES_ARQUI\SEGUNDO PARCIAL\CONTROLADOR VERSION3.ASM 35 : Found opcode in column 1. (MOVLW)
Warning[203] E:\DOCUMENTOS\REPOSITORIOS\PARCIALES_ARQUI\SEGUNDO PARCIAL\CONTROLADOR VERSION3.ASM 36 : Found opcode in column 1. (MOVWF)
Message[302] E:\DOCUMENTOS\REPOSITORIOS\PARCIALES_ARQUI\SEGUNDO PARCIAL\CONTROLADOR VERSION3.ASM 36 : Register in operand not in bank 0.  Ensure that bank bits are correct.
Warning[203] E:\DOCUMENTOS\REPOSITORIOS\PARCIALES_ARQUI\SEGUNDO PARCIAL\CONTROLADOR VERSION3.ASM 39 : Found opcode in column 1. (BCF)
Warning[203] E:\DOCUMENTOS\REPOSITORIOS\PARCIALES_ARQUI\SEGUNDO PARCIAL\CONTROLADOR VERSION3.ASM 40 : Found opcode in column 1. (MOVLW)
Warning[203] E:\DOCUMENTOS\REPOSITORIOS\PARCIALES_ARQUI\SEGUNDO PARCIAL\CONTROLADOR VERSION3.ASM 41 : Found opcode in column 1. (MOVWF)
Warning[203] E:\DOCUMENTOS\REPOSITORIOS\PARCIALES_ARQUI\SEGUNDO PARCIAL\CONTROLADOR VERSION3.ASM 42 : Found opcode in column 1. (MOVLW)
Warning[203] E:\DOCUMENTOS\REPOSITORIOS\PARCIALES_ARQUI\SEGUNDO PARCIAL\CONTROLADOR VERSION3.ASM 43 : Found opcode in column 1. (MOVWF)
Warning[203] E:\DOCUMENTOS\REPOSITORIOS\PARCIALES_ARQUI\SEGUNDO PARCIAL\CONTROLADOR VERSION3.ASM 44 : Found opcode in column 1. (MOVWF)
Warning[203] E:\DOCUMENTOS\REPOSITORIOS\PARCIALES_ARQUI\SEGUNDO PARCIAL\CONTROLADOR VERSION3.ASM 45 : Found opcode in column 1. (CLRF)
Warning[203] E:\DOCUMENTOS\REPOSITORIOS\PARCIALES_ARQUI\SEGUNDO PARCIAL\CONTROLADOR VERSION3.ASM 46 : Found opcode in column 1. (CLRF)
Warning[203] E:\DOCUMENTOS\REPOSITORIOS\PARCIALES_ARQUI\SEGUNDO PARCIAL\CONTROLADOR VERSION3.ASM 62 : Found opcode in column 1. (GOTO)
Warning[207] E:\DOCUMENTOS\REPOSITORIOS\PARCIALES_ARQUI\SEGUNDO PARCIAL\CONTROLADOR VERSION3.ASM 78 : Found label after column 1. (COMPROBAR)
Warning[207] E:\DOCUMENTOS\REPOSITORIOS\PARCIALES_ARQUI\SEGUNDO PARCIAL\CONTROLADOR VERSION3.ASM 91 : Found label after column 1. (DIP_LED2)
Warning[207] E:\DOCUMENTOS\REPOSITORIOS\PARCIALES_ARQUI\SEGUNDO PARCIAL\CONTROLADOR VERSION3.ASM 111 : Found label after column 1. (DIP_LED3)
Warning[205] E:\DOCUMENTOS\REPOSITORIOS\PARCIALES_ARQUI\SEGUNDO PARCIAL\CONTROLADOR VERSION3.ASM 118 : Found directive in column 1. (END)
